xmltest/build/outputs/logs/manifest-merger-debug-report.txt
-- Merging decision tree log ---
manifest
ADDED from src\main\AndroidManifest.xml:2:1-77:12
	package
		ADDED from src\main\AndroidManifest.xml:3:5-43
		INJECTED from src\main\AndroidManifest.xml
		INJECTED from src\main\AndroidManifest.xml
	android:versionName
		ADDED from src\main\AndroidManifest.xml:5:5-30
		INJECTED from src\main\AndroidManifest.xml
		INJECTED from src\main\AndroidManifest.xml
	android:versionCode
		ADDED from src\main\AndroidManifest.xml:4:5-28
		INJECTED from src\main\AndroidManifest.xml
		INJECTED from src\main\AndroidManifest.xml
	xmlns:android
		ADDED from src\main\AndroidManifest.xml:2:11-69
uses-sdk
ADDED from src\main\AndroidManifest.xml:7:5-9:41
	android:targetSdkVersion
		ADDED from src\main\AndroidManifest.xml:9:9-38
		INJECTED from src\main\AndroidManifest.xml
		INJECTED from src\main\AndroidManifest.xml
	android:minSdkVersion
		ADDED from src\main\AndroidManifest.xml:8:9-34
		INJECTED from src\main\AndroidManifest.xml
		INJECTED from src\main\AndroidManifest.xml
supports-screens
ADDED from src\main\AndroidManifest.xml:11:5-16:40
	android:largeScreens
		ADDED from src\main\AndroidManifest.xml:13:9-36
	android:smallScreens
		ADDED from src\main\AndroidManifest.xml:15:9-36
	android:normalScreens
		ADDED from src\main\AndroidManifest.xml:14:9-37
	android:xlargeScreens
		ADDED from src\main\AndroidManifest.xml:16:9-37
	android:anyDensity
		ADDED from src\main\AndroidManifest.xml:12:9-34
uses-permission#android.permission.CAMERA
ADDED from src\main\AndroidManifest.xml:18:5-65
	android:name
		ADDED from src\main\AndroidManifest.xml:18:22-62
uses-permission#android.permission.WRITE_EXTERNAL_STORAGE
ADDED from src\main\AndroidManifest.xml:19:5-81
	android:name
		ADDED from src\main\AndroidManifest.xml:19:22-78
uses-permission#android.permission.READ_EXTERNAL_STORAGE
ADDED from src\main\AndroidManifest.xml:20:5-80
	android:name
		ADDED from src\main\AndroidManifest.xml:20:22-77
uses-feature#android.hardware.camera
ADDED from src\main\AndroidManifest.xml:22:5-24:35
	android:required
		ADDED from src\main\AndroidManifest.xml:24:9-32
	android:name
		ADDED from src\main\AndroidManifest.xml:23:9-47
uses-permission#android.permission.ACCESS_FINE_LOCATION
ADDED from src\main\AndroidManifest.xml:26:5-79
	android:name
		ADDED from src\main\AndroidManifest.xml:26:22-76
uses-permission#android.permission.INTERNET
ADDED from src\main\AndroidManifest.xml:27:5-67
	android:name
		ADDED from src\main\AndroidManifest.xml:27:22-64
uses-permission#android.permission.SEND_SMS
ADDED from src\main\AndroidManifest.xml:28:5-67
	android:name
		ADDED from src\main\AndroidManifest.xml:28:22-64
uses-permission#android.permission.READ_PHONE_STATE
ADDED from src\main\AndroidManifest.xml:29:5-75
	android:name
		ADDED from src\main\AndroidManifest.xml:29:22-72
application
ADDED from src\main\AndroidManifest.xml:31:5-75:19
	android:label
		ADDED from src\main\AndroidManifest.xml:34:9-41
	android:allowBackup
		ADDED from src\main\AndroidManifest.xml:32:9-35
	android:icon
		ADDED from src\main\AndroidManifest.xml:33:9-38
	android:largeHeap
		ADDED from src\main\AndroidManifest.xml:35:9-33
	android:theme
		ADDED from src\main\AndroidManifest.xml:36:9-40
activity#com.IntelligentWaves.xmltest.MenuScreenActivity
ADDED from src\main\AndroidManifest.xml:37:9-46:20
	android:label
		ADDED from src\main\AndroidManifest.xml:39:13-45
	android:theme
		ADDED from src\main\AndroidManifest.xml:40:13-44
	android:name
		ADDED from src\main\AndroidManifest.xml:38:13-47
intent-filter#android.intent.action.MAIN+android.intent.category.LAUNCHER
ADDED from src\main\AndroidManifest.xml:41:13-45:29
action#android.intent.action.MAIN
ADDED from src\main\AndroidManifest.xml:42:17-69
	android:name
		ADDED from src\main\AndroidManifest.xml:42:25-66
category#android.intent.category.LAUNCHER
ADDED from src\main\AndroidManifest.xml:44:17-77
	android:name
		ADDED from src\main\AndroidManifest.xml:44:27-74
activity#com.IntelligentWaves.xmltest.SetupActivity
ADDED from src\main\AndroidManifest.xml:47:9-50:56
	android:label
		ADDED from src\main\AndroidManifest.xml:49:13-45
	android:theme
		ADDED from src\main\AndroidManifest.xml:50:13-44
	android:name
		ADDED from src\main\AndroidManifest.xml:48:13-42
activity#com.IntelligentWaves.xmltest.MainActivity
ADDED from src\main\AndroidManifest.xml:51:9-54:56
	android:label
		ADDED from src\main\AndroidManifest.xml:53:13-45
	android:theme
		ADDED from src\main\AndroidManifest.xml:54:13-44
	android:name
		ADDED from src\main\AndroidManifest.xml:52:13-41
activity#com.IntelligentWaves.xmltest.SavedFilesActivity
ADDED from src\main\AndroidManifest.xml:55:9-58:56
	android:label
		ADDED from src\main\AndroidManifest.xml:57:13-45
	android:theme
		ADDED from src\main\AndroidManifest.xml:58:13-44
	android:name
		ADDED from src\main\AndroidManifest.xml:56:13-47
activity#com.IntelligentWaves.xmltest.loadActivity
ADDED from src\main\AndroidManifest.xml:59:9-62:56
	android:label
		ADDED from src\main\AndroidManifest.xml:61:13-45
	android:theme
		ADDED from src\main\AndroidManifest.xml:62:13-44
	android:name
		ADDED from src\main\AndroidManifest.xml:60:13-41
service#com.IntelligentWaves.xmltest.VpnMobile
ADDED from src\main\AndroidManifest.xml:64:9-70:19
	android:permission
		ADDED from src\main\AndroidManifest.xml:66:13-69
	android:name
		ADDED from src\main\AndroidManifest.xml:65:13-38
intent-filter#android.net.VpnService
ADDED from src\main\AndroidManifest.xml:67:13-69:29
action#android.net.VpnService
ADDED from src\main\AndroidManifest.xml:68:17-65
	android:name
		ADDED from src\main\AndroidManifest.xml:68:25-62
activity#com.IntelligentWaves.xmltest.SMSActivity
ADDED from src\main\AndroidManifest.xml:72:9-74:67
	android:label
		ADDED from src\main\AndroidManifest.xml:74:13-55
	android:name
		ADDED from src\main\AndroidManifest.xml:73:13-40